0 info it worked if it ends with ok
1 verbose cli [ 'node',
1 verbose cli   '/nfs/zfs-student-2/users/2013_paris/triviere/.brew/bin/npm',
1 verbose cli   'install' ]
2 info using npm@2.1.18
3 info using node@v0.10.35
4 verbose node symlink /nfs/zfs-student-2/users/2013_paris/triviere/.brew/bin/node
5 error install Couldn't read dependencies
6 verbose stack Error: Invalid name: "Jobuzzle Framework"
6 verbose stack     at ensureValidName (/Volumes/Data/nfs/zfs-student-2/users/2013_paris/triviere/.brew/lib/node_modules/npm/node_modules/normalize-package-data/lib/fixer.js:322:15)
6 verbose stack     at Object.module.exports.fixNameField (/Volumes/Data/nfs/zfs-student-2/users/2013_paris/triviere/.brew/lib/node_modules/npm/node_modules/normalize-package-data/lib/fixer.js:211:5)
6 verbose stack     at /Volumes/Data/nfs/zfs-student-2/users/2013_paris/triviere/.brew/lib/node_modules/npm/node_modules/normalize-package-data/lib/normalize.js:30:38
6 verbose stack     at Array.forEach (native)
6 verbose stack     at normalize (/Volumes/Data/nfs/zfs-student-2/users/2013_paris/triviere/.brew/lib/node_modules/npm/node_modules/normalize-package-data/lib/normalize.js:29:15)
6 verbose stack     at final (/Volumes/Data/nfs/zfs-student-2/users/2013_paris/triviere/.brew/lib/node_modules/npm/node_modules/read-package-json/read-json.js:342:33)
6 verbose stack     at then (/Volumes/Data/nfs/zfs-student-2/users/2013_paris/triviere/.brew/lib/node_modules/npm/node_modules/read-package-json/read-json.js:126:33)
6 verbose stack     at /Volumes/Data/nfs/zfs-student-2/users/2013_paris/triviere/.brew/lib/node_modules/npm/node_modules/read-package-json/read-json.js:331:40
6 verbose stack     at evalmachine.<anonymous>:272:14
6 verbose stack     at /Volumes/Data/nfs/zfs-student-2/users/2013_paris/triviere/.brew/lib/node_modules/npm/node_modules/graceful-fs/graceful-fs.js:102:5
7 verbose cwd /Volumes/Data/nfs/zfs-student-2/users/2013_paris/triviere/project/Jobuzzle/Framework
8 error Darwin 14.3.0
9 error argv "node" "/nfs/zfs-student-2/users/2013_paris/triviere/.brew/bin/npm" "install"
10 error node v0.10.35
11 error npm  v2.1.18
12 error Invalid name: "Jobuzzle Framework"
13 error If you need help, you may report this error at:
13 error     <http://github.com/npm/npm/issues>
14 verbose exit [ 1, true ]
